<?xml version="1.0" encoding="UTF-8"?>
<!-- Generated by org.testng.reporters.JUnitXMLReporter -->
<testsuite hostname="Laxmi-PC" ignored="1" name="RegressionTests" tests="5" failures="0" timestamp="09 Jul 2019 12:43:23 GMT" time="39.437" errors="0">
  <testcase name="loginPopupTest" time="21.204" classname="com.ineeditweb.testcases.LoginPopupTest"/>
  <testcase name="homePageTest" time="3.222" classname="com.ineeditweb.testcases.HomePageTest"/>
  <testcase name="routingMenuPageTest" time="7.355" classname="com.ineeditweb.testcases.RoutingMenuPageTest"/>
  <testcase name="locationPageTest" time="6.679" classname="com.ineeditweb.testcases.LocationPageTest"/>
  <testcase name="submitRequestPageTest" time="0.917" classname="com.ineeditweb.testcases.SubmitRequestPageTest"/>
  <testcase name="requestPopupTest" time="0.0" classname="com.ineeditweb.testcases.RequestPopupTest">
    <ignored/>
  </testcase> <!-- requestPopupTest -->
</testsuite> <!-- RegressionTests -->
